<?xml version="1.0" encoding="UTF-8"?>
<!-- Generated by org.testng.reporters.JUnitReportReporter -->
<testsuite skipped="0" hostname="DESKTOP-MHPIMKC" name="MyTest" tests="1" failures="0" timestamp="2023-04-16T10:28:45 IST" time="0.008" errors="0">
  <testcase name="testCase_1" time="0.008" classname="MyTest"/>
  <system-out/>
</testsuite> <!-- MyTest -->
